<?xml version="1.0" encoding="UTF-8"?>
<!-- Generated by org.testng.reporters.JUnitReportReporter -->
<testsuite hostname="naveen" name="adddept.addingdept" tests="1" failures="0" timestamp="11 Feb 2019 05:49:42 GMT" time="79.491" errors="0">
  <testcase name="adddepartment" time="79.491" classname="adddept.addingdept"/>
</testsuite> <!-- adddept.addingdept -->
